<?xml version="1.0" encoding="UTF-8"?>
<!-- Generated by org.testng.reporters.JUnitXMLReporter -->
<testsuite hostname="DESKTOP-3ULA85F" ignored="0" tests="0" failures="0" timestamp="2021-03-04T10:48:24 IST" time="0.01" errors="0">
  <testcase name="@AfterTest endTest" time="0.0" classname="BasePackage.BaseTest">
    <failure type="java.lang.NullPointerException">
      <![CDATA[java.lang.NullPointerException
at BasePackage.BaseTest.endTest(BaseTest.java:217)
... Removed 29 stack frames]]>
    </failure>
  </testcase> <!-- @AfterTest endTest -->
</testsuite>
